0 400.242065 275.755402
1 455.876221 527.504822
2 541.616211 252.643784
3 641.615417 524.463989
4 613.546631 447.219543
5 393.697113 265.810974
6 613.153442 438.424866
7 370.057098 294.842865
8 392.004333 300.992218
9 520.503967 245.229767
10 433.289734 515.596985
11 654.273315 466.386017
12 472.614838 490.152954
13 601.497681 272.801117
14 620.076172 468.485107
15 523.607544 266.861816
16 482.949554 478.006592
17 589.997864 286.338104
18 504.721588 474.756226
19 591.356506 411.144653
20 438.475494 475.559387
21 371.179474 302.728302
22 588.485413 471.524933
23 421.858582 465.640045
24 340.082672 292.014648
25 489.714813 454.500000
26 459.367096 427.345947
27 358.115936 289.537445
28 492.672180 462.839691
29 337.193756 306.678162
30 386.644196 253.745209
31 522.439880 267.085022
32 348.201355 307.859955
33 500.095001 433.230865
34 447.320618 534.183777
35 477.095032 529.944397
36 485.750885 502.319489
37 573.613892 261.535919
38 520.056702 264.257324
39 569.654907 254.519791
40 430.386261 289.491547
41 643.337158 441.192200
42 524.041382 264.134308
43 493.873840 467.477081
44 367.200562 296.171417
45 451.800293 499.569153
46 377.645142 302.591644
47 456.702301 580.559570
48 542.846558 280.247955
49 374.726654 262.731598
50 356.437347 315.238190
51 640.993591 475.855804
52 395.351959 278.702698
53 397.606476 278.008148
54 551.461060 261.682556
55 584.115967 275.477356
56 594.411804 379.961456
57 584.692322 268.749207
58 617.566040 459.188202
59 402.148682 302.593506
60 359.337158 274.612579
61 383.492432 300.928162
62 587.403442 467.527618
63 589.126282 294.022247
64 373.854401 284.738220
65 375.057404 295.956177
66 548.395203 278.263885
67 464.912659 501.961060
68 406.508881 297.593903
69 422.356110 479.948151
70 468.570648 448.912079
71 470.052399 509.054413
72 580.052307 265.242554
73 482.153870 521.060669
74 463.816071 464.483337
75 359.868469 321.117126
76 383.764618 298.872314
77 501.642731 504.506073
78 344.033508 289.288605
79 599.164734 470.535278
80 601.988708 467.669312
81 490.824097 510.665771
82 630.133667 440.977936
83 576.682007 270.919525
84 444.192169 483.899231
85 425.878021 465.362701
86 553.553650 246.423920
87 640.054077 462.323639
88 453.234314 488.560486
89 495.457886 456.550385
90 470.478821 489.564606
91 553.390625 261.414215
92 384.153534 297.618500
93 302.989136 296.074097
94 484.647064 241.806320
95 477.730316 462.037415
96 481.175354 498.546112
97 421.237823 280.286896
98 529.582031 253.591431
99 619.356995 438.449036
100 505.290039 236.281998
101 639.682373 457.911011
102 398.491058 284.582001
103 495.665894 537.131775
104 553.734070 234.844971
105 366.000458 277.192657
106 411.118591 440.674774
107 426.877258 276.750824
108 455.377747 480.311768
109 593.871155 399.152618
110 457.271149 519.488953
111 654.170471 429.328064
112 553.923218 261.082916
113 491.877533 414.347809
114 332.551697 298.436768
115 594.958435 448.989349
116 449.536743 483.237823
117 415.209198 493.932892
118 599.317017 301.516418
119 624.981689 478.592224
120 622.413513 454.005524
121 620.931580 445.738220
122 466.075592 489.271973
123 645.157104 474.374878
124 671.483887 450.004547
125 428.710052 489.137848
126 381.705322 303.748016
127 464.214203 443.459137
128 561.538635 274.189606
129 544.034607 252.340958
130 421.265076 296.868317
131 487.493805 488.777344
132 657.136902 465.188477
133 472.578064 481.711487
134 632.416016 503.369019
135 493.845703 516.371277
136 383.735809 299.325989
137 354.243713 308.854248
138 363.165436 295.378876
139 559.195923 268.473785
140 457.446899 510.024811
141 559.148499 256.248138
142 488.899292 426.903809
143 658.791077 440.971039
144 605.902466 272.170410
145 366.689758 296.965393
146 379.694641 277.628174
147 581.044434 520.576782
148 565.901489 265.900848
149 378.655487 283.693268
150 472.774963 467.470978
151 407.047272 308.408081
152 458.590332 495.274384
153 441.069275 474.133362
154 518.457092 417.023956
155 463.935486 465.215088
156 381.028046 298.888428
157 322.625610 296.570282
158 473.750885 475.646179
159 642.712952 468.681915
160 445.157898 481.972260
161 506.586334 451.762024
162 428.079468 479.766724
163 488.130463 449.460266
164 474.477875 455.275848
165 638.122864 526.034241
166 461.642883 511.523071
167 559.778015 265.131165
168 473.182739 444.866852
169 648.997620 279.612061
170 551.475037 246.738297
171 472.437286 492.834564
172 386.813660 278.605927
173 607.975159 431.843872
174 577.805054 272.643768
175 498.195618 484.561096
176 460.251373 550.744019
177 638.697998 449.667755
178 385.466248 267.604095
179 579.740906 277.613586
180 460.805450 477.581360
181 497.600739 432.459686
182 565.077148 267.089630
183 621.189026 470.308472
184 476.022797 487.853119
185 539.667908 259.584778
186 481.897430 472.648804
187 469.277252 487.638092
188 472.610840 474.279175
189 511.081665 442.986389
190 540.076721 259.010925
191 467.046570 545.074951
192 468.739777 473.811157
193 384.809998 304.475128
194 606.231445 455.948181
195 573.970032 253.382980
196 615.834473 423.421265
197 549.926636 263.151764
198 617.595764 445.513153
199 595.419800 468.735291
200 619.433228 431.239716
201 555.053894 288.308533
202 427.424103 274.236786
203 622.905212 434.362152
204 361.039429 291.629944
205 491.082947 496.867859
206 502.274750 489.417969
207 390.383240 304.065125
208 467.793427 496.071472
209 510.808289 409.641724
210 644.939697 455.175262
211 554.248169 234.813995
212 495.991577 513.485046
213 639.317688 460.140533
214 626.985352 410.672028
215 619.068542 442.598114
216 414.278870 471.228058
217 586.039368 298.585785
218 648.792969 464.708679
219 567.535889 258.293549
220 450.907440 497.187561
221 341.665192 290.689880
222 458.834412 473.383301
223 372.938171 286.399078
224 646.865662 453.450806
225 393.224609 279.116455
226 419.466888 487.524170
227 447.121216 491.694275
228 461.904266 489.069153
229 633.443542 498.448212
230 409.602814 301.092896
231 577.177673 270.083191
232 456.556122 491.209106
233 494.966980 433.271301
234 647.513672 478.338501
235 622.452820 219.746933
236 340.383484 287.867615
237 397.867859 284.626526
238 467.534424 422.031311
239 541.779968 259.345764
240 565.948303 250.970642
241 606.781250 431.329041
242 523.008789 266.492523
243 449.797028 486.359192
244 461.059113 413.767426
245 502.186859 250.522903
246 486.655731 466.726807
247 554.511658 263.409729
248 515.941895 537.877075
249 544.004150 264.330872
250 652.477051 444.991974
251 411.753479 291.310333
252 612.980103 436.697632
253 587.873352 271.234497
254 442.068695 458.518646
255 406.801758 291.927826
256 370.542053 288.260864
257 454.074554 489.658875
258 656.635254 493.737305
259 448.248657 495.285980
260 608.253967 439.423126
261 367.808624 297.777283
262 478.514343 475.047577
263 514.538025 390.888672
264 378.014893 228.174301
265 625.144348 454.414734
266 545.920837 256.596954
267 403.517426 274.539490
268 563.757935 270.274872
269 630.011597 465.219604
270 556.277893 262.798920
271 341.551270 280.172699
272 647.049438 443.152710
273 549.439636 260.692261
274 612.469727 480.463379
275 393.807404 296.931793
276 636.416077 476.465149
277 458.301788 501.527557
278 349.364990 292.735748
279 463.034302 399.502869
280 503.330780 538.494385
281 567.814758 240.528732
282 561.645508 262.134491
283 640.875305 473.435669
284 479.216125 483.154877
285 643.354675 486.559631
286 455.631165 509.387512
287 495.994720 485.809601
288 547.394226 268.609711
289 553.061768 275.006439
290 346.842255 284.891296
291 472.751495 464.558136
292 342.564911 300.966888
293 581.233521 269.229553
294 365.911957 281.250702
295 629.864685 460.892426
296 412.334961 258.861664
297 398.435242 287.474976
298 484.081390 536.535828
299 475.440948 535.082642
300 508.745941 448.142944
301 537.409607 251.984085
302 466.807861 395.906158
303 563.056030 504.144440
304 494.566284 457.068268
305 496.377930 430.218048
306 484.183990 475.368591
307 483.602173 487.825287
308 475.632385 460.430908
309 390.679962 289.104858
310 575.701660 270.422913
311 580.833679 276.279480
312 445.562164 469.949158
313 397.582794 280.014526
314 425.792908 273.720276
315 501.999237 453.935974
316 461.268768 493.408325
317 395.634155 279.453888
318 561.306030 255.076035
319 572.835388 263.921234
320 628.202759 450.549744
321 537.662476 252.161423
322 542.601807 253.364197
323 615.853394 429.195099
324 357.619080 295.006073
325 550.502380 272.082275
326 655.968933 436.667877
327 523.258545 263.222107
328 449.601135 484.717407
329 389.919952 288.402618
330 377.546600 241.945953
331 460.306580 530.308472
332 543.102051 260.999695
333 547.344604 431.362244
334 656.762207 486.028656
335 393.617401 290.251373
336 586.102722 284.594635
337 475.987183 460.782623
338 379.954865 297.183167
339 637.252197 455.192535
340 575.627502 264.198425
341 650.337585 474.870178
342 325.343597 303.675568
343 460.067169 489.575928
344 576.448730 262.816101
345 587.922729 271.986328
346 501.236145 456.636932
347 463.322510 524.901062
348 393.566376 266.120270
349 646.130127 461.615692
350 606.357117 444.311646
351 590.249390 387.855682
352 403.594452 301.622009
353 456.695221 513.422913
354 627.750671 452.101166
355 567.910706 270.593872
356 563.280029 243.405014
357 579.628113 260.697906
358 569.691284 266.869751
359 478.306702 501.590332
360 587.888306 276.157623
361 664.858276 435.845276
362 474.089722 480.054077
363 634.217957 520.804688
364 537.250671 266.141357
365 586.235657 239.773773
366 550.897644 251.182510
367 551.886475 250.994354
368 338.360992 287.530334
369 553.639099 255.287857
370 351.773651 290.934235
371 483.396027 479.815857
372 453.049713 488.053009
373 584.561157 266.951477
374 631.826477 471.700928
375 410.792267 297.478973
376 666.842651 437.400513
377 497.806091 427.515533
378 582.296326 464.687012
379 465.516541 559.543823
380 453.301422 526.856750
381 551.489319 238.328232
382 502.851410 491.498596
383 566.152649 257.291870
384 559.798401 262.016418
385 470.693207 504.036835
386 635.211853 467.255188
387 439.468384 555.451172
388 365.748169 287.898499
389 612.552002 439.669128
390 632.291687 490.370911
391 475.823425 537.171631
392 493.600372 531.083740
393 349.387177 298.475800
394 487.692383 467.937866
395 597.117615 277.303558
396 487.784882 441.321930
397 381.038757 271.906067
398 367.367859 312.163116
399 632.647278 436.626160
400 475.632233 490.023285
401 536.247681 269.996552
402 640.538452 449.466248
403 497.417938 453.490936
404 378.594513 322.433289
405 500.784912 442.502533
406 445.968536 522.217346
407 358.701691 274.275513
408 462.807892 495.139282
409 392.440582 292.480774
410 511.537689 452.314697
411 477.273163 497.510590
412 365.502289 309.035095
413 462.694672 509.219543
414 620.265381 432.867920
415 364.954590 297.049164
416 572.522888 277.294128
417 476.418793 483.549133
418 473.121002 470.000580
419 425.432678 250.171417
420 484.613495 469.827850
421 498.063110 479.284821
422 551.192200 265.594116
423 552.186157 266.725128
424 559.862427 287.880066
425 474.147064 410.975372
426 540.454895 246.210205
427 447.272705 454.287109
428 370.177277 285.101593
429 455.863281 487.255676
430 375.350525 281.478882
431 581.865295 268.362488
432 478.026154 505.114838
433 371.847321 285.769562
434 398.835175 336.388245
435 597.448792 439.281952
436 632.670898 442.262360
437 588.094604 424.581573
438 603.651733 452.989868
439 465.577545 500.961670
440 402.402527 287.026215
441 484.079834 470.615112
442 547.299866 273.169434
443 493.025024 491.810913
444 396.195953 269.508881
445 513.191528 239.981720
446 345.708740 301.118927
447 510.703430 406.022614
448 637.157471 486.442474
449 485.920258 532.541626
450 515.094238 481.855286
451 469.521271 492.237427
452 573.779419 268.119110
453 494.345978 464.421112
454 480.862671 493.365631
455 571.095154 248.938950
456 545.311279 258.358490
457 350.378204 290.753754
458 389.987640 298.872314
459 561.869385 255.790207
460 354.103027 304.906677
461 590.310669 273.090393
462 591.210754 361.780243
463 638.037598 449.117889
464 456.453827 469.882416
465 350.734039 302.983582
466 443.356079 275.815002
467 481.740662 411.282196
468 551.164001 254.701950
469 440.585754 480.030243
470 427.597839 252.386230
471 366.115204 284.825165
472 615.897888 426.229706
473 623.578796 438.931000
474 401.798645 287.407471
475 558.284912 253.541428
476 531.287415 242.786713
477 506.757568 420.744690
478 457.679321 546.478455
479 398.016144 344.088379
480 464.847534 397.326111
481 490.663666 569.934570
482 456.122437 476.001740
483 540.912292 246.898712
484 502.218414 471.995300
485 532.402832 274.204163
486 550.381042 293.802460
487 468.228729 428.031403
488 593.619385 261.814758
489 482.234009 490.512634
490 353.465546 289.313629
491 486.439789 503.158936
492 314.702789 289.643524
493 535.136719 272.045227
494 638.506653 458.892548
495 573.902954 243.843781
496 674.867798 446.274078
497 427.194733 518.798706
498 464.081116 523.213379
499 480.164246 504.978973
500 609.511902 415.744781
501 635.473267 492.023376
502 395.733246 276.516785
503 604.871643 386.580475
504 581.132874 280.203613
505 463.560516 497.973633
506 471.518127 462.683807
507 630.720032 514.827271
508 420.324188 296.476318
509 397.933594 269.601837
510 589.287292 390.066406
511 356.852783 278.386108
512 622.155884 433.925751
513 502.085724 442.963043
514 463.745270 502.735413
515 509.690460 427.031403
516 383.736420 312.606689
517 467.658356 408.145966
518 484.032104 502.564667
519 453.498474 494.927887
520 588.916382 476.516418
521 635.056946 435.416534
522 464.313690 501.154266
523 390.566986 308.476959
524 461.739929 471.364807
525 401.114868 282.618286
526 625.614075 257.831085
527 474.784607 449.499451
528 542.987000 237.257416
529 566.110107 272.855560
530 568.928528 249.389008
531 486.407715 454.791779
532 351.701965 342.506989
533 648.102051 537.922119
534 474.497009 466.609406
535 637.509216 471.743408
536 625.313110 466.501343
537 553.634705 259.824890
538 442.246216 510.628571
539 533.277893 260.448029
540 470.711639 494.540436
541 459.542145 499.014130
542 430.346649 482.078064
543 603.912476 268.286163
544 361.544189 291.828308
545 632.630859 432.940918
546 500.793182 431.043427
547 576.366516 276.783905
548 563.762268 270.234650
549 378.108276 297.844543
550 635.073425 452.696442
551 574.772522 266.100067
552 405.598358 296.359528
553 472.589508 485.500580
554 611.189697 474.160034
555 521.638672 455.811401
556 568.026062 264.862457
557 501.832428 485.631348
558 317.216125 282.050934
559 376.803711 282.297882
560 450.115448 483.065308
561 617.069702 455.348480
562 483.184448 505.846252
563 466.523682 482.375000
564 590.289062 268.416901
565 618.479980 443.953339
566 502.810425 493.154846
567 409.666687 285.104462
568 560.201416 261.819153
569 353.661926 284.520172
570 604.681396 431.035400
571 639.798218 455.486816
572 483.876221 463.157654
573 455.447998 454.215179
574 494.947662 537.412598
575 475.459167 477.442474
576 604.180969 421.734283
577 533.010254 240.247162
578 384.407776 315.169952
579 632.307312 441.103760
580 378.107239 292.554352
581 466.822876 485.704193
582 397.592255 265.565857
583 638.646606 455.642151
584 531.580933 522.823425
585 384.701447 327.099762
586 376.058838 288.443054
587 546.791016 250.199524
588 641.429199 448.280151
589 630.007507 455.544830
590 428.330688 491.892609
591 487.912842 492.428375
592 404.825012 295.691650
593 543.964050 265.063080
594 465.487488 480.183960
595 480.829071 474.840790
596 597.645935 403.649658
597 590.807861 457.377441
598 353.350037 285.568726
599 430.946503 496.925903
600 376.095154 242.545776
601 597.704773 388.029694
602 547.193420 253.076508
603 433.828918 252.350311
604 452.202759 422.759186
605 463.743896 525.917480
606 639.441833 509.402313
607 304.558228 297.951569
608 471.455078 485.738708
609 446.531006 494.179108
610 466.873840 489.386566
611 366.479126 302.351501
612 379.354675 294.549103
613 602.011597 280.072540
614 590.126343 269.069031
615 643.337952 432.164459
616 479.463715 464.577484
617 616.796875 426.938629
618 605.897217 271.535248
619 631.343689 470.022705
620 441.891205 476.275879
621 493.990967 444.305206
622 591.206909 445.896301
623 596.814453 376.895172
624 455.636719 512.520630
625 431.809204 281.176422
626 483.806610 502.977112
627 565.277527 249.362701
628 375.094604 276.884155
629 511.109497 249.280350
630 579.996582 458.028290
631 542.375244 252.753601
632 377.345184 288.935059
633 622.245117 449.054474
634 470.376770 468.966644
635 530.070129 373.594849
636 384.025574 291.135376
637 492.716034 509.408356
638 439.882355 474.382050
639 492.896057 511.393494
640 612.631165 444.836975
641 619.612488 229.921783
642 444.535034 470.344543
643 638.935608 472.463470
644 461.400208 461.502167
645 596.746887 274.930206
646 483.867615 450.812958
647 646.900696 435.816559
648 449.808716 476.686707
649 390.403412 275.250885
650 471.454742 431.072021
651 466.798157 491.948242
652 640.944397 393.402557
653 520.995422 425.376587
654 636.910889 458.208740
655 393.148041 290.242920
656 577.915588 264.181427
657 425.453613 287.073486
658 355.701996 256.379059
659 351.543549 328.268707
660 580.950195 273.327057
661 464.895050 491.863281
662 533.039917 237.609116
663 572.871155 254.502579
664 472.668549 484.589569
665 594.913147 417.864624
666 642.736633 440.638916
667 509.340485 501.399261
668 469.110107 479.937836
669 370.872559 290.891815
670 321.010559 302.628510
671 472.631653 456.014526
672 567.893311 251.774582
673 645.698425 462.771942
674 401.458191 284.428986
675 491.189087 468.338470
676 659.889709 528.889709
677 615.826111 430.013611
678 629.429688 458.301208
679 359.019226 276.990875
680 629.006958 448.611572
681 611.358521 440.223328
682 609.395264 463.012421
683 632.794312 465.520538
684 395.076385 344.527527
685 528.454407 263.958130
686 379.875397 298.090912
687 505.066040 449.310181
688 578.876831 526.036072
689 469.370209 537.985779
690 609.575500 431.506866
691 580.978638 265.483887
692 582.895508 257.345612
693 481.169556 550.404907
694 597.557861 263.118988
695 457.772644 487.764374
696 559.128418 266.688507
697 654.225098 450.530640
698 620.385132 438.774933
699 652.693604 471.530701
700 467.691315 533.734558
701 584.523682 447.607544
702 376.927826 284.653473
703 507.227661 463.639740
704 649.367065 462.469788
705 458.267212 513.856323
706 462.428680 440.624725
707 480.754303 452.088928
708 643.487976 469.046936
709 477.043793 462.247803
710 558.282898 264.097931
711 317.372955 305.827393
712 473.670349 482.213989
713 352.866974 308.380951
714 640.997314 497.685791
715 545.493164 272.096771
716 415.910797 475.616699
717 631.025574 530.933472
718 483.158752 490.984558
719 484.746826 469.832489
720 657.786316 431.260498
721 477.741791 471.997528
722 643.942139 435.736176
723 523.849609 444.089417
724 462.108246 472.521606
725 635.188293 460.646637
726 585.446228 250.425980
727 477.079498 491.784302
728 485.632507 507.687805
729 542.793335 260.429047
730 572.028320 302.115448
731 553.380798 254.612198
732 455.511993 497.862213
733 609.565308 423.232391
734 540.932556 250.644455
735 478.404724 414.210785
736 575.062439 258.179535
737 382.953674 302.949951
738 385.602020 285.825043
739 369.670258 294.321686
740 464.513794 539.820129
741 626.564026 473.782898
742 590.316162 456.441803
743 544.803406 449.887085
744 587.145874 293.465149
745 467.258209 459.749390
746 488.835022 487.836121
747 473.110779 480.222931
748 594.756470 299.429749
749 376.685303 289.619659
750 457.881500 481.505646
751 573.895813 273.467468
752 545.875305 504.868927
753 565.028503 262.823547
754 362.617676 296.175934
755 581.234314 266.441132
756 568.612305 260.492676
757 491.875427 419.713287
758 390.227844 302.025574
759 639.767517 452.457428
760 646.501221 519.567078
761 587.009583 270.326141
762 481.676422 478.913910
763 579.720703 271.166687
764 389.148224 292.655884
765 644.100891 470.330963
766 568.774170 260.007507
767 606.940918 444.979218
768 376.877991 279.187012
769 656.052368 414.815552
770 465.014130 463.367920
771 629.972961 516.994812
772 447.356873 471.869049
773 551.626221 242.558823
774 373.817657 291.160736
775 484.525574 497.320404
776 486.598022 480.574738
777 447.505615 530.479492
778 602.594299 395.502625
779 490.011688 442.589111
780 480.256714 538.699890
781 500.347595 459.421478
782 596.809509 268.838623
783 557.802368 290.508453
784 350.822845 298.128876
785 602.645752 424.980255
786 625.687988 470.061340
787 650.667969 475.628448
788 468.581635 558.460938
789 621.239868 416.303528
790 565.399719 234.547318
791 624.096863 416.853943
792 542.664673 256.862091
793 505.053467 504.531616
794 637.795532 498.146729
795 557.188538 279.877838
796 510.229340 492.356384
797 394.785553 299.757538
798 512.550049 492.424133
799 506.687714 495.299561
800 493.440979 455.068359
801 453.498199 501.921600
802 559.910706 254.667053
803 621.851624 402.326141
804 648.812378 518.004211
805 651.513184 438.486572
806 484.356964 461.358246
807 545.313416 449.316315
808 527.148010 232.282822
809 660.547485 440.996307
810 631.679260 468.494446
811 513.597717 486.808136
812 467.341034 490.717316
813 371.572388 226.286545
814 413.365326 288.839661
815 330.949097 300.281555
816 557.119751 279.434509
817 475.051361 529.378906
818 552.181091 259.219116
819 578.447266 261.571899
820 443.696564 481.347839
821 560.325928 239.608902
822 636.659912 439.348389
823 425.111023 283.495026
824 487.057861 450.706787
825 454.478607 522.112671
826 559.326538 283.172516
827 466.499023 483.868683
828 482.636139 511.806641
829 462.906616 471.853058
830 606.651062 392.993286
831 449.881561 495.223206
832 376.662567 310.288666
833 490.154816 521.757446
834 658.276428 472.208588
835 597.544434 274.704376
836 383.092590 333.299408
837 647.210815 438.499878
838 537.639709 247.544495
839 469.105652 463.916962
840 389.591278 302.045593
841 553.022095 253.627548
842 645.847290 489.768127
843 458.085388 507.736481
844 397.188049 282.196198
845 563.956482 259.832397
846 397.970215 275.754974
847 485.564667 427.163391
848 571.387085 264.441803
849 576.982422 280.068970
850 343.168671 291.976135
851 356.915710 272.875519
852 626.403931 442.293701
853 465.383514 490.060547
854 588.418335 248.418243
855 376.233521 275.620392
856 457.277435 505.786163
857 450.818573 514.678894
858 374.321075 287.306427
859 486.114471 462.568665
860 354.712738 288.551514
861 639.670349 457.931641
862 494.490234 417.050537
863 635.059204 453.420532
864 489.091370 495.223114
865 387.172119 309.511108
866 476.583466 468.958008
867 378.795685 300.653595
868 641.330566 497.312653
869 678.132446 431.165466
870 362.971069 276.251129
871 379.334930 294.456146
872 427.367676 297.047333
873 510.514191 249.893158
874 547.665039 248.857620
875 379.238037 286.711121
876 485.554688 501.309448
877 404.385681 275.272797
878 611.121887 439.255829
879 473.521790 497.149689
880 580.797852 264.081299
881 548.682190 236.648834
882 463.846741 397.813049
883 394.631653 290.943970
884 389.026031 281.409943
885 381.456482 282.573822
886 393.467407 305.044403
887 586.760620 262.877228
888 612.196594 442.674896
889 559.925720 250.862671
890 599.493958 461.665894
891 642.101990 435.369873
892 442.017334 515.086304
893 388.296295 310.276581
894 379.490753 311.043396
895 606.623901 454.926666
896 631.261536 455.204041
897 624.609070 419.282013
898 448.411041 481.394440
899 470.324524 458.509094
900 637.836121 469.586273
901 638.302856 441.574249
902 484.479523 426.808319
903 581.965393 461.812653
904 493.605560 440.307800
905 466.065643 539.204956
906 380.011871 299.686646
907 432.483795 297.012146
908 354.443909 284.307465
909 642.732361 454.369202
910 478.670593 411.424530
911 447.677612 501.904968
912 552.340210 248.755508
913 540.006531 262.827179
914 500.971985 443.030212
915 388.734283 277.824860
916 583.023743 253.529755
917 615.563416 441.811920
918 494.660400 427.826904
919 593.737305 400.697632
920 585.520203 247.481583
921 481.147369 469.953949
922 473.079346 468.549774
923 639.229126 426.782745
924 624.453735 433.860107
925 631.298889 479.060791
926 506.617889 442.473663
927 358.369934 321.149353
928 365.797699 257.693207
929 600.301941 379.803253
930 368.491669 297.436554
931 620.314819 442.539520
932 623.805237 444.201904
933 474.192596 477.904633
934 583.471191 277.465576
935 651.901794 460.011932
936 447.275757 470.801575
937 334.900269 335.311401
938 497.292694 533.670349
939 488.310883 447.512360
940 460.303772 476.940857
941 383.579773 275.242035
942 645.263794 486.235809
943 374.263977 297.178680
944 562.340881 265.488647
945 499.443970 440.762726
946 447.857758 466.959381
947 624.759827 440.079315
948 607.507385 414.295044
949 350.335114 293.991089
950 366.485443 261.120880
951 467.177887 483.643951
952 609.940857 504.725494
953 620.925354 456.189240
954 634.648010 460.691467
955 578.980103 452.958130
956 471.444611 494.057922
957 518.728027 249.583252
958 480.835938 475.354523
959 643.149170 467.707733
960 613.969910 443.175690
961 486.265167 485.745941
962 618.791504 462.697510
963 364.726898 262.976929
964 467.042114 493.754364
965 493.672394 445.756653
966 579.866150 446.639526
967 448.645416 542.329590
968 611.618164 457.201782
969 351.223145 318.698273
970 635.424500 482.666473
971 685.958923 470.860321
972 407.862000 297.910034
973 580.195801 463.153259
974 491.950928 500.499207
975 569.858459 455.928070
976 617.914795 431.658051
977 452.504211 547.340027
978 480.938446 471.600769
979 447.845337 470.696960
980 490.949066 443.832336
981 569.068420 264.827820
982 481.704315 475.062531
983 393.371735 279.232391
984 540.372559 257.288727
985 329.949707 316.700897
986 605.914551 455.890198
987 598.196594 406.968048
988 420.058533 279.374420
989 475.166870 501.599915
990 434.589417 467.670044
991 468.304993 508.639343
992 643.555115 523.601685
993 355.174408 278.956909
994 491.987457 455.378021
995 371.729614 301.444122
996 447.910645 459.434143
997 323.354279 298.261353
998 489.624146 494.078217
999 479.364868 486.079834
